17:31:20,266 (AWT-EventQueue-0) INFO  [org.uniandes.isis2304.business.AlohandesBusiness] - START ⟼ Consulta03
17:31:20,434 (AWT-EventQueue-0) INFO  [org.uniandes.isis2304.business.AlohandesBusiness] - END ⟼ Consulta03
17:31:20,438 (AWT-EventQueue-0) ERROR [org.uniandes.isis2304.view.AlohandesInterface] - Index 0 out of bounds for length 0
17:32:14,748 (main) INFO  [org.uniandes.isis2304.view.AlohandesInterface] - Se ha encontrado un banner valido
17:32:14,776 (main) INFO  [org.uniandes.isis2304.view.AlohandesInterface] - Se ha encontrado un archivo con el menu valido
17:32:19,818 (AWT-EventQueue-0) INFO  [org.uniandes.isis2304.business.AlohandesBusiness] - START ⟼ Consulta02
17:32:19,978 (AWT-EventQueue-0) INFO  [org.uniandes.isis2304.business.AlohandesBusiness] - END ⟼ Consulta02
17:32:22,435 (AWT-EventQueue-0) INFO  [org.uniandes.isis2304.business.AlohandesBusiness] - START ⟼ Consulta05
17:32:22,463 (AWT-EventQueue-0) INFO  [org.uniandes.isis2304.business.AlohandesBusiness] - END ⟼ Consulta05
17:32:34,270 (AWT-EventQueue-0) INFO  [org.uniandes.isis2304.business.AlohandesBusiness] - START ⟼ Consulta08
17:32:34,295 (AWT-EventQueue-0) INFO  [org.uniandes.isis2304.business.AlohandesBusiness] - END ⟼ Consulta08
17:32:46,409 (AWT-EventQueue-0) INFO  [org.uniandes.isis2304.business.AlohandesBusiness] - START ⟼ Recuperando todos los ServiceScheme
17:32:46,421 (AWT-EventQueue-0) ERROR [org.uniandes.isis2304.view.AlohandesInterface] - null
17:38:47,943 (main) INFO  [org.uniandes.isis2304.view.AlohandesInterface] - Se ha encontrado un banner valido
17:38:47,975 (main) INFO  [org.uniandes.isis2304.view.AlohandesInterface] - Se ha encontrado un archivo con el menu valido
17:38:57,212 (AWT-EventQueue-0) INFO  [org.uniandes.isis2304.business.AlohandesBusiness] - START ⟼ Consulta09
17:38:57,369 (AWT-EventQueue-0) INFO  [org.uniandes.isis2304.business.AlohandesBusiness] - END ⟼ Consulta09
17:39:02,507 (AWT-EventQueue-0) INFO  [org.uniandes.isis2304.business.AlohandesBusiness] - START ⟼ Consulta06
17:39:02,513 (AWT-EventQueue-0) INFO  [DataNucleus.JDO] - Exception thrown
org.datanucleus.exceptions.NucleusUserException: SQL query tiene parametro "1" pero no existe en el query : SELECT 'operator' AS role, b.id, b."start", b."end", ROUND(b."end" - b."start") AS time_spent, 'operator' AS rol FROM booking b          LEFT JOIN operator o ON b.name = o.name WHERE o.nuip = :1 UNION SELECT 'client' AS role, b.id, b."start", b."end", ROUND(b."end" - b."start") AS time_spent, 'client' AS rol FROM booking b          LEFT JOIN client c ON b.nuip = c.nuip WHERE c.nuip = :1
	at org.datanucleus.store.rdbms.query.SQLQuery.prepareForExecution(SQLQuery.java:1009) ~[datanucleus-rdbms-6.0.3.jar:?]
	at org.datanucleus.store.rdbms.query.SQLQuery.executeWithArray(SQLQuery.java:821) ~[datanucleus-rdbms-6.0.3.jar:?]
	at org.datanucleus.api.jdo.JDOQuery.executeInternal(JDOQuery.java:433) ~[datanucleus-api-jdo-6.0.1.jar:?]
	at org.datanucleus.api.jdo.JDOQuery.executeList(JDOQuery.java:345) ~[datanucleus-api-jdo-6.0.1.jar:?]
	at org.uniandes.isis2304.persistence.SQLReq.rfc06(SQLReq.java:130) ~[classes/:?]
	at org.uniandes.isis2304.persistence.AlohandesPersistence.reqC06(AlohandesPersistence.java:405) ~[classes/:?]
	at org.uniandes.isis2304.business.AlohandesBusiness.alohandesUse(AlohandesBusiness.java:193) ~[classes/:?]
	at org.uniandes.isis2304.view.AlohandesInterface.lambda$reqC06$10(AlohandesInterface.java:277) ~[classes/:?]
	at org.uniandes.isis2304.view.AlohandesInterface.catcher(AlohandesInterface.java:755) ~[classes/:?]
	at org.uniandes.isis2304.view.AlohandesInterface.reqC06(AlohandesInterface.java:270) ~[classes/:?]
	at jdk.internal.reflect.DirectMethodHandleAccessor.invoke(DirectMethodHandleAccessor.java:104) ~[?:?]
	at java.lang.reflect.Method.invoke(Method.java:578) ~[?:?]
	at org.uniandes.isis2304.view.AlohandesInterface.actionPerformed(AlohandesInterface.java:218) ~[classes/:?]
	at javax.swing.AbstractButton.fireActionPerformed(AbstractButton.java:1972) ~[?:?]
	at javax.swing.AbstractButton$Handler.actionPerformed(AbstractButton.java:2314) ~[?:?]
	at javax.swing.DefaultButtonModel.fireActionPerformed(DefaultButtonModel.java:407) ~[?:?]
	at javax.swing.DefaultButtonModel.setPressed(DefaultButtonModel.java:262) ~[?:?]
	at javax.swing.AbstractButton.doClick(AbstractButton.java:374) ~[?:?]
	at javax.swing.plaf.basic.BasicMenuItemUI.doClick(BasicMenuItemUI.java:1029) ~[?:?]
	at javax.swing.plaf.basic.BasicMenuItemUI$Handler.mouseReleased(BasicMenuItemUI.java:1073) ~[?:?]
	at java.awt.Component.processMouseEvent(Component.java:6620) ~[?:?]
	at javax.swing.JComponent.processMouseEvent(JComponent.java:3398) ~[?:?]
	at java.awt.Component.processEvent(Component.java:6385) ~[?:?]
	at java.awt.Container.processEvent(Container.java:2266) ~[?:?]
	at java.awt.Component.dispatchEventImpl(Component.java:4995) ~[?:?]
	at java.awt.Container.dispatchEventImpl(Container.java:2324) ~[?:?]
	at java.awt.Component.dispatchEvent(Component.java:4827) ~[?:?]
	at java.awt.LightweightDispatcher.retargetMouseEvent(Container.java:4948) ~[?:?]
	at java.awt.LightweightDispatcher.processMouseEvent(Container.java:4575) ~[?:?]
	at java.awt.LightweightDispatcher.dispatchEvent(Container.java:4516) ~[?:?]
	at java.awt.Container.dispatchEventImpl(Container.java:2310) ~[?:?]
	at java.awt.Window.dispatchEventImpl(Window.java:2780) ~[?:?]
	at java.awt.Component.dispatchEvent(Component.java:4827) ~[?:?]
	at java.awt.EventQueue.dispatchEventImpl(EventQueue.java:775) ~[?:?]
	at java.awt.EventQueue$4.run(EventQueue.java:720) ~[?:?]
	at java.awt.EventQueue$4.run(EventQueue.java:714) ~[?:?]
	at java.security.AccessController.doPrivileged(AccessController.java:400) [?:?]
	at java.security.ProtectionDomain$JavaSecurityAccessImpl.doIntersectionPrivilege(ProtectionDomain.java:87) ~[?:?]
	at java.security.ProtectionDomain$JavaSecurityAccessImpl.doIntersectionPrivilege(ProtectionDomain.java:98) ~[?:?]
	at java.awt.EventQueue$5.run(EventQueue.java:747) ~[?:?]
	at java.awt.EventQueue$5.run(EventQueue.java:745) ~[?:?]
	at java.security.AccessController.doPrivileged(AccessController.java:400) [?:?]
	at java.security.ProtectionDomain$JavaSecurityAccessImpl.doIntersectionPrivilege(ProtectionDomain.java:87) [?:?]
	at java.awt.EventQueue.dispatchEvent(EventQueue.java:744) [?:?]
	at java.awt.EventDispatchThread.pumpOneEventForFilters(EventDispatchThread.java:203) [?:?]
	at java.awt.EventDispatchThread.pumpEventsForFilter(EventDispatchThread.java:124) [?:?]
	at java.awt.EventDispatchThread.pumpEventsForHierarchy(EventDispatchThread.java:113) [?:?]
	at java.awt.EventDispatchThread.pumpEvents(EventDispatchThread.java:109) [?:?]
	at java.awt.EventDispatchThread.pumpEvents(EventDispatchThread.java:101) [?:?]
	at java.awt.EventDispatchThread.run(EventDispatchThread.java:90) [?:?]
17:39:02,555 (AWT-EventQueue-0) ERROR [org.uniandes.isis2304.view.AlohandesInterface] - SQL query tiene parametro "1" pero no existe en el query : SELECT 'operator' AS role, b.id, b."start", b."end", ROUND(b."end" - b."start") AS time_spent, 'operator' AS rol FROM booking b          LEFT JOIN operator o ON b.name = o.name WHERE o.nuip = :1 UNION SELECT 'client' AS role, b.id, b."start", b."end", ROUND(b."end" - b."start") AS time_spent, 'client' AS rol FROM booking b          LEFT JOIN client c ON b.nuip = c.nuip WHERE c.nuip = :1
17:40:51,885 (main) INFO  [org.uniandes.isis2304.view.AlohandesInterface] - Se ha encontrado un banner valido
17:40:51,919 (main) INFO  [org.uniandes.isis2304.view.AlohandesInterface] - Se ha encontrado un archivo con el menu valido
17:40:57,942 (AWT-EventQueue-0) INFO  [org.uniandes.isis2304.business.AlohandesBusiness] - START ⟼ Consulta03
17:40:58,096 (AWT-EventQueue-0) INFO  [org.uniandes.isis2304.business.AlohandesBusiness] - END ⟼ Consulta03
17:41:02,905 (AWT-EventQueue-0) INFO  [org.uniandes.isis2304.business.AlohandesBusiness] - START ⟼ Consulta06
17:41:02,951 (AWT-EventQueue-0) INFO  [org.uniandes.isis2304.business.AlohandesBusiness] - END ⟼ Consulta06
